android/app/build/outputs/mapping/release/seeds.txt
com.yourcompany.yourapp.MainActivity
com.yourcompany.yourapp.MainActivity: MainActivity()
...
kotlin.coroutines.intrinsics.CoroutineSingletons: kotlin.coroutines.intrinsics.CoroutineSingletons[] values()
androidx.core.view.WindowInsetsCompat$Impl20: androidx.core.graphics.Insets getVisibleInsets(android.view.View)
androidx.appcompat.widget.SearchView: void setOnSuggestionListener(androidx.appcompat.widget.SearchView$OnSuggestionListener)
com.google.android.material.transformation.ExpandableBehavior: ExpandableBehavior()
androidx.appcompat.widget.SearchView: int getSuggestionRowLayout()
androidx.core.view.accessibility.AccessibilityNodeInfoCompat$Api30Impl: java.lang.Object createRangeInfo(int,float,float,float)
com.google.android.material.textfield.TextInputLayout: void setEndIconDrawable(int)
androidx.appcompat.widget.AppCompatTextView: void setSupportCompoundDrawablesTintMode(android.graphics.PorterDuff$Mode)
com.google.android.material.textfield.TextInputLayout: java.lang.CharSequence getHint()
androidx.appcompat.widget.AppCompatButton: int[] getAutoSizeTextAvailableSizes()
com.google.android.material.textfield.TextInputLayout: int getBoxStrokeWidth()
androidx.appcompat.app.AppCompatDelegateImpl$Api33Impl: android.window.OnBackInvokedCallback registerOnBackPressedCallback(java.lang.Object,androidx.appcompat.app.AppCompatDelegateImpl)
androidx.appcompat.widget.Toolbar: void setSubtitle(java.lang.CharSequence)
androidx.core.view.WindowInsetsCompat$Impl: androidx.core.view.WindowInsetsCompat inset(int,int,int,int)
androidx.appcompat.widget.AppCompatMultiAutoCompleteTextView: void setSupportBackgroundTintMode(android.graphics.PorterDuff$Mode)
androidx.appcompat.widget.AppCompatTextViewAutoSizeHelper$Api16Impl: int getMaxLines(android.widget.TextView)
androidx.activity.ComponentActivity$Api33Impl: android.window.OnBackInvokedDispatcher getOnBackInvokedDispatcher(android.app.Activity)
com.google.firebase.installations.FirebaseInstallationsException$Status: com.google.firebase.installations.FirebaseInstallationsException$Status[] values()
androidx.lifecycle.ReportFragment$LifecycleCallbacks: void onActivityPrePaused(android.app.Activity)
androidx.appcompat.widget.ActionBarContainer: ActionBarContainer(android.content.Context,android.util.AttributeSet)
androidx.vectordrawable.graphics.drawable.VectorDrawableCompat$VGroup: void setScaleX(float)
com.google.android.material.textfield.MaterialAutoCompleteTextView: void setDropDownBackgroundTint(int)
kotlinx.coroutines.android.AndroidDispatcherFactory: java.lang.String hintOnError()
androidx.appcompat.widget.ActionBarContextView: java.lang.CharSequence getSubtitle()
androidx.appcompat.widget.AppCompatSpinner: void setDropDownHorizontalOffset(int)
com.google.android.material.checkbox.MaterialCheckBox: void setCheckedState(int)
androidx.constraintlayout.widget.ConstraintLayout: void setId(int)
com.google.android.material.textfield.TextInputLayout: void setHint(int)
com.google.android.material.chip.Chip: float getCloseIconEndPadding()
com.google.android.material.chip.Chip: void setShowMotionSpec(com.google.android.material.animation.MotionSpec)
androidx.appcompat.widget.AppCompatTextView: void setEmojiCompatEnabled(boolean)
com.google.android.material.textfield.MaterialAutoCompleteTextView: void setSimpleItems(java.lang.String[])
androidx.constraintlayout.widget.Barrier: void setType(int)
com.google.android.material.chip.Chip: void setChipStrokeColorResource(int)
com.google.android.material.textfield.TextInputLayout: void setEndIconScaleType(android.widget.ImageView$ScaleType)
androidx.core.view.ViewCompat$Api16Impl: void setHasTransientState(android.view.View,boolean)
androidx.appcompat.widget.SearchView: void setIconifiedByDefault(boolean)
com.google.android.material.textfield.TextInputLayout: void setStartIconContentDescription(int)
androidx.activity.OnBackPressedDispatcher$Api34Impl: android.window.OnBackInvokedCallback createOnBackAnimationCallback(kotlin.jvm.functions.Function1,kotlin.jvm.functions.Function1,kotlin.jvm.functions.Function0,kotlin.jvm.functions.Function0)