android/app/build/outputs/mapping/release/usage.txt
com.yourcompany.yourapp.BuildConfig
com.yourcompany.yourapp.R$string
com.yourcompany.yourapp.R
...
androidx.appcompat.view.ActionBarPolicy:
    public int getStackedTabMaxWidth()
    public int getTabContainerHeight()
androidx.appcompat.view.ActionMode:
    public boolean isUiFocusable()
androidx.appcompat.view.ContextThemeWrapper$Api17Impl:
    private void <init>()
androidx.appcompat.view.ContextThemeWrapper:
    public void <init>()
androidx.appcompat.view.StandaloneActionMode:
    public boolean isUiFocusable()
    public void onCloseMenu(androidx.appcompat.view.menu.MenuBuilder,boolean)
    public void onCloseSubMenu(androidx.appcompat.view.menu.SubMenuBuilder)
    public boolean onSubMenuSelected(androidx.appcompat.view.menu.SubMenuBuilder)
androidx.appcompat.view.SupportMenuInflater$MenuState:
    private static final int defaultGroupId
    private static final int defaultItemCategory
    private static final int defaultItemCheckable
    private static final boolean defaultItemChecked
    private static final boolean defaultItemEnabled
    private static final int defaultItemId
    private static final int defaultItemOrder
    private static final boolean defaultItemVisible
androidx.appcompat.view.SupportMenuInflater:
    static final java.lang.String LOG_TAG
    static final int NO_ID
    private static final java.lang.String XML_GROUP
    private static final java.lang.String XML_ITEM
    private static final java.lang.String XML_MENU
androidx.appcompat.view.WindowCallbackWrapper$Api23Impl:
    private void <init>()
androidx.appcompat.view.WindowCallbackWrapper$Api24Impl:
    private void <init>()
androidx.appcompat.view.WindowCallbackWrapper$Api26Impl:
    private void <init>()
androidx.appcompat.view.WindowCallbackWrapper:
    public void onContentChanged()
androidx.appcompat.view.menu.ActionMenuItem:
    private static final int CHECKABLE
    private static final int CHECKED
    private static final int ENABLED
    private static final int EXCLUSIVE
    private static final int HIDDEN
    public boolean invoke()
    public boolean requiresActionButton()
    public boolean requiresOverflow()
    public androidx.appcompat.view.menu.ActionMenuItem setExclusiveCheckable(boolean)
androidx.appcompat.view.menu.ActionMenuItemView:
    private static final int MAX_ICON_SIZE
    private static final java.lang.String TAG
    public void <init>(android.content.Context)
    public void setShortcut(boolean,char)
    public boolean showsIcon()
androidx.appcompat.view.menu.BaseMenuPresenter:
    public boolean flagActionItems()
    public int getId()
androidx.appcompat.view.menu.CascadingMenuPopup$HorizPosition
androidx.appcompat.view.menu.CascadingMenuPopup:
    static final int HORIZ_POSITION_LEFT
    static final int HORIZ_POSITION_RIGHT
    static final int SUBMENU_TIMEOUT_MS
    public void onRestoreInstanceState(android.os.Parcelable)
    public android.os.Parcelable onSaveInstanceState()
androidx.appcompat.view.menu.ListMenuItemView:
    private static final java.lang.String TAG
    public boolean showsIcon()
androidx.appcompat.view.menu.ListMenuPresenter:
    private static final java.lang.String TAG
    public static final java.lang.String VIEWS_TAG
    private int mId
    public int getId()
    int getItemIndexOffset()
    public void onRestoreInstanceState(android.os.Parcelable)
    public android.os.Parcelable onSaveInstanceState()
    public void restoreHierarchyState(android.os.Bundle)
    public void saveHierarchyState(android.os.Bundle)
    public void setId(int)
    public void setItemIndexOffset(int)
androidx.appcompat.view.menu.MenuAdapter:
    public boolean getForceShowIcon()